{"C:\\Users\\Ryan James\\Desktop\\Crumple\\backend\\config.js": {"path":"C:\\Users\\Ryan James\\Desktop\\Crumple\\backend\\config.js","statementMap":{"0":{"start":{"line":2,"column":4},"end":{"line":10,"column":5}},"1":{"start":{"line":3,"column":8},"end":{"line":3,"column":49}},"2":{"start":{"line":5,"column":9},"end":{"line":10,"column":5}},"3":{"start":{"line":6,"column":8},"end":{"line":6,"column":44}},"4":{"start":{"line":9,"column":8},"end":{"line":9,"column":51}},"5":{"start":{"line":11,"column":4},"end":{"line":11,"column":10}},"6":{"start":{"line":14,"column":25},"end":{"line":14,"column":34}}},"fnMap":{"0":{"name":"nodeEnv","decl":{"start":{"line":1,"column":9},"end":{"line":1,"column":16}},"loc":{"start":{"line":1,"column":19},"end":{"line":12,"column":1}},"line":1}},"branchMap":{"0":{"loc":{"start":{"line":2,"column":4},"end":{"line":10,"column":5}},"type":"if","locations":[{"start":{"line":2,"column":4},"end":{"line":10,"column":5}},{"start":{"line":2,"column":4},"end":{"line":10,"column":5}}],"line":2},"1":{"loc":{"start":{"line":5,"column":9},"end":{"line":10,"column":5}},"type":"if","locations":[{"start":{"line":5,"column":9},"end":{"line":10,"column":5}},{"start":{"line":5,"column":9},"end":{"line":10,"column":5}}],"line":5}},"s":{"0":1,"1":1,"2":0,"3":0,"4":0,"5":0,"6":1},"f":{"0":1},"b":{"0":[1,0],"1":[0,0]},"_coverageSchema":"1a1c01bbd47fc00a2c39e90264f33305004495a9","hash":"b549b767ecad1353d527dbf554fccb7d11a7bfd4"}
,"C:\\Users\\Ryan James\\Desktop\\Crumple\\backend\\server.js": {"path":"C:\\Users\\Ryan James\\Desktop\\Crumple\\backend\\server.js","statementMap":{"0":{"start":{"line":14,"column":0},"end":{"line":14,"column":15}},"1":{"start":{"line":16,"column":12},"end":{"line":16,"column":21}},"2":{"start":{"line":18,"column":0},"end":{"line":18,"column":30}},"3":{"start":{"line":20,"column":0},"end":{"line":20,"column":23}},"4":{"start":{"line":21,"column":0},"end":{"line":21,"column":47}},"5":{"start":{"line":23,"column":0},"end":{"line":27,"column":3}},"6":{"start":{"line":29,"column":0},"end":{"line":33,"column":3}},"7":{"start":{"line":35,"column":13},"end":{"line":35,"column":37}},"8":{"start":{"line":37,"column":0},"end":{"line":39,"column":2}},"9":{"start":{"line":38,"column":2},"end":{"line":38,"column":45}},"10":{"start":{"line":41,"column":0},"end":{"line":41,"column":33}},"11":{"start":{"line":42,"column":0},"end":{"line":42,"column":39}},"12":{"start":{"line":43,"column":0},"end":{"line":43,"column":42}},"13":{"start":{"line":44,"column":0},"end":{"line":44,"column":35}},"14":{"start":{"line":45,"column":0},"end":{"line":45,"column":36}},"15":{"start":{"line":47,"column":0},"end":{"line":49,"column":3}},"16":{"start":{"line":48,"column":2},"end":{"line":48,"column":49}},"17":{"start":{"line":51,"column":0},"end":{"line":53,"column":2}},"18":{"start":{"line":52,"column":2},"end":{"line":52,"column":48}},"19":{"start":{"line":55,"column":0},"end":{"line":58,"column":2}},"20":{"start":{"line":56,"column":2},"end":{"line":56,"column":67}},"21":{"start":{"line":57,"column":2},"end":{"line":57,"column":65}}},"fnMap":{"0":{"name":"(anonymous_0)","decl":{"start":{"line":37,"column":13},"end":{"line":37,"column":14}},"loc":{"start":{"line":37,"column":27},"end":{"line":39,"column":1}},"line":37},"1":{"name":"(anonymous_1)","decl":{"start":{"line":47,"column":30},"end":{"line":47,"column":31}},"loc":{"start":{"line":47,"column":44},"end":{"line":49,"column":1}},"line":47},"2":{"name":"(anonymous_2)","decl":{"start":{"line":51,"column":8},"end":{"line":51,"column":9}},"loc":{"start":{"line":51,"column":33},"end":{"line":53,"column":1}},"line":51},"3":{"name":"(anonymous_3)","decl":{"start":{"line":55,"column":17},"end":{"line":55,"column":18}},"loc":{"start":{"line":55,"column":23},"end":{"line":58,"column":1}},"line":55}},"branchMap":{"0":{"loc":{"start":{"line":23,"column":17},"end":{"line":23,"column":60}},"type":"binary-expr","locations":[{"start":{"line":23,"column":17},"end":{"line":23,"column":40}},{"start":{"line":23,"column":44},"end":{"line":23,"column":60}}],"line":23},"1":{"loc":{"start":{"line":35,"column":13},"end":{"line":35,"column":37}},"type":"binary-expr","locations":[{"start":{"line":35,"column":13},"end":{"line":35,"column":29}},{"start":{"line":35,"column":33},"end":{"line":35,"column":37}}],"line":35},"2":{"loc":{"start":{"line":48,"column":11},"end":{"line":48,"column":47}},"type":"binary-expr","locations":[{"start":{"line":48,"column":11},"end":{"line":48,"column":39}},{"start":{"line":48,"column":43},"end":{"line":48,"column":47}}],"line":48}},"s":{"0":1,"1":1,"2":1,"3":1,"4":1,"5":1,"6":1,"7":1,"8":1,"9":0,"10":1,"11":1,"12":1,"13":1,"14":1,"15":1,"16":0,"17":1,"18":0,"19":1,"20":0,"21":0},"f":{"0":0,"1":0,"2":0,"3":0},"b":{"0":[1,1],"1":[1,1],"2":[0,0]},"_coverageSchema":"1a1c01bbd47fc00a2c39e90264f33305004495a9","hash":"d4bdb5851521383e4022a15c733a612bc6aa2cf2"}
,"C:\\Users\\Ryan James\\Desktop\\Crumple\\backend\\models\\artworkModel.js": {"path":"C:\\Users\\Ryan James\\Desktop\\Crumple\\backend\\models\\artworkModel.js","statementMap":{"0":{"start":{"line":3,"column":21},"end":{"line":11,"column":1}},"1":{"start":{"line":13,"column":22},"end":{"line":27,"column":1}},"2":{"start":{"line":28,"column":16},"end":{"line":28,"column":56}}},"fnMap":{},"branchMap":{},"s":{"0":1,"1":1,"2":1},"f":{},"b":{},"_coverageSchema":"1a1c01bbd47fc00a2c39e90264f33305004495a9","hash":"bbcda6e1c6dcd4736093aa09349be1993cc81b73"}
,"C:\\Users\\Ryan James\\Desktop\\Crumple\\backend\\models\\categoryModel.js": {"path":"C:\\Users\\Ryan James\\Desktop\\Crumple\\backend\\models\\categoryModel.js","statementMap":{"0":{"start":{"line":3,"column":23},"end":{"line":13,"column":1}},"1":{"start":{"line":15,"column":17},"end":{"line":15,"column":59}}},"fnMap":{},"branchMap":{},"s":{"0":1,"1":1},"f":{},"b":{},"_coverageSchema":"1a1c01bbd47fc00a2c39e90264f33305004495a9","hash":"c0e3449b9f0f40d9b28be4cde27b1987873ed79b"}
,"C:\\Users\\Ryan James\\Desktop\\Crumple\\backend\\models\\orderModel.js": {"path":"C:\\Users\\Ryan James\\Desktop\\Crumple\\backend\\models\\orderModel.js","statementMap":{"0":{"start":{"line":3,"column":20},"end":{"line":37,"column":1}},"1":{"start":{"line":38,"column":14},"end":{"line":38,"column":50}}},"fnMap":{},"branchMap":{},"s":{"0":1,"1":1},"f":{},"b":{},"_coverageSchema":"1a1c01bbd47fc00a2c39e90264f33305004495a9","hash":"6ee5db8d4b1887ca97585a6ea2ff9dfb1c2c3397"}
,"C:\\Users\\Ryan James\\Desktop\\Crumple\\backend\\models\\userModel.js": {"path":"C:\\Users\\Ryan James\\Desktop\\Crumple\\backend\\models\\userModel.js","statementMap":{"0":{"start":{"line":3,"column":19},"end":{"line":16,"column":1}},"1":{"start":{"line":17,"column":13},"end":{"line":17,"column":47}}},"fnMap":{},"branchMap":{},"s":{"0":1,"1":1},"f":{},"b":{},"_coverageSchema":"1a1c01bbd47fc00a2c39e90264f33305004495a9","hash":"287160fa07effcaf64352dad74c97b2949eb9cc0"}
,"C:\\Users\\Ryan James\\Desktop\\Crumple\\backend\\routes\\artworkRoutes.js": {"path":"C:\\Users\\Ryan James\\Desktop\\Crumple\\backend\\routes\\artworkRoutes.js","statementMap":{"0":{"start":{"line":10,"column":22},"end":{"line":10,"column":38}},"1":{"start":{"line":12,"column":0},"end":{"line":29,"column":2}},"2":{"start":{"line":15,"column":19},"end":{"line":15,"column":55}},"3":{"start":{"line":16,"column":4},"end":{"line":27,"column":5}},"4":{"start":{"line":17,"column":25},"end":{"line":20,"column":11}},"5":{"start":{"line":17,"column":57},"end":{"line":20,"column":9}},"6":{"start":{"line":21,"column":32},"end":{"line":21,"column":66}},"7":{"start":{"line":22,"column":8},"end":{"line":22,"column":38}},"8":{"start":{"line":24,"column":8},"end":{"line":26,"column":73}},"9":{"start":{"line":31,"column":0},"end":{"line":62,"column":2}},"10":{"start":{"line":34,"column":23},"end":{"line":34,"column":45}},"11":{"start":{"line":35,"column":25},"end":{"line":35,"column":49}},"12":{"start":{"line":36,"column":22},"end":{"line":36,"column":43}},"13":{"start":{"line":37,"column":22},"end":{"line":37,"column":43}},"14":{"start":{"line":39,"column":29},"end":{"line":39,"column":53}},"15":{"start":{"line":40,"column":31},"end":{"line":40,"column":59}},"16":{"start":{"line":43,"column":8},"end":{"line":47,"column":19}},"17":{"start":{"line":49,"column":30},"end":{"line":49,"column":83}},"18":{"start":{"line":50,"column":22},"end":{"line":53,"column":10}},"19":{"start":{"line":54,"column":25},"end":{"line":59,"column":24}},"20":{"start":{"line":60,"column":8},"end":{"line":60,"column":50}},"21":{"start":{"line":64,"column":0},"end":{"line":84,"column":2}},"22":{"start":{"line":68,"column":8},"end":{"line":82,"column":9}},"23":{"start":{"line":69,"column":28},"end":{"line":77,"column":14}},"24":{"start":{"line":78,"column":35},"end":{"line":78,"column":55}},"25":{"start":{"line":79,"column":12},"end":{"line":79,"column":89}},"26":{"start":{"line":81,"column":12},"end":{"line":81,"column":48}},"27":{"start":{"line":86,"column":0},"end":{"line":99,"column":2}},"28":{"start":{"line":89,"column":30},"end":{"line":89,"column":74}},"29":{"start":{"line":90,"column":8},"end":{"line":97,"column":9}},"30":{"start":{"line":91,"column":28},"end":{"line":91,"column":89}},"31":{"start":{"line":92,"column":12},"end":{"line":94,"column":13}},"32":{"start":{"line":93,"column":16},"end":{"line":93,"column":46}},"33":{"start":{"line":96,"column":12},"end":{"line":96,"column":67}},"34":{"start":{"line":101,"column":0},"end":{"line":122,"column":2}},"35":{"start":{"line":105,"column":8},"end":{"line":120,"column":9}},"36":{"start":{"line":106,"column":28},"end":{"line":106,"column":65}},"37":{"start":{"line":108,"column":12},"end":{"line":108,"column":41}},"38":{"start":{"line":109,"column":12},"end":{"line":109,"column":43}},"39":{"start":{"line":110,"column":12},"end":{"line":110,"column":43}},"40":{"start":{"line":111,"column":12},"end":{"line":111,"column":49}},"41":{"start":{"line":112,"column":12},"end":{"line":112,"column":47}},"42":{"start":{"line":113,"column":12},"end":{"line":113,"column":55}},"43":{"start":{"line":115,"column":35},"end":{"line":115,"column":55}},"44":{"start":{"line":116,"column":12},"end":{"line":116,"column":78}},"45":{"start":{"line":119,"column":12},"end":{"line":119,"column":65}},"46":{"start":{"line":124,"column":0},"end":{"line":136,"column":2}},"47":{"start":{"line":128,"column":24},"end":{"line":128,"column":61}},"48":{"start":{"line":129,"column":8},"end":{"line":134,"column":9}},"49":{"start":{"line":130,"column":34},"end":{"line":130,"column":56}},"50":{"start":{"line":131,"column":12},"end":{"line":131,"column":89}},"51":{"start":{"line":133,"column":12},"end":{"line":133,"column":67}},"52":{"start":{"line":138,"column":0},"end":{"line":163,"column":2}},"53":{"start":{"line":142,"column":24},"end":{"line":142,"column":37}},"54":{"start":{"line":143,"column":22},"end":{"line":143,"column":55}},"55":{"start":{"line":144,"column":6},"end":{"line":161,"column":7}},"56":{"start":{"line":145,"column":8},"end":{"line":147,"column":9}},"57":{"start":{"line":145,"column":40},"end":{"line":145,"column":64}},"58":{"start":{"line":146,"column":12},"end":{"line":146,"column":87}},"59":{"start":{"line":149,"column":23},"end":{"line":152,"column":9}},"60":{"start":{"line":153,"column":8},"end":{"line":153,"column":37}},"61":{"start":{"line":154,"column":31},"end":{"line":154,"column":51}},"62":{"start":{"line":155,"column":8},"end":{"line":158,"column":11}},"63":{"start":{"line":160,"column":12},"end":{"line":160,"column":67}}},"fnMap":{"0":{"name":"(anonymous_0)","decl":{"start":{"line":14,"column":24},"end":{"line":14,"column":25}},"loc":{"start":{"line":14,"column":44},"end":{"line":28,"column":5}},"line":14},"1":{"name":"(anonymous_1)","decl":{"start":{"line":17,"column":43},"end":{"line":17,"column":44}},"loc":{"start":{"line":17,"column":57},"end":{"line":20,"column":9}},"line":17},"2":{"name":"(anonymous_2)","decl":{"start":{"line":33,"column":24},"end":{"line":33,"column":25}},"loc":{"start":{"line":33,"column":44},"end":{"line":61,"column":5}},"line":33},"3":{"name":"(anonymous_3)","decl":{"start":{"line":67,"column":24},"end":{"line":67,"column":25}},"loc":{"start":{"line":67,"column":44},"end":{"line":83,"column":5}},"line":67},"4":{"name":"(anonymous_4)","decl":{"start":{"line":88,"column":24},"end":{"line":88,"column":25}},"loc":{"start":{"line":88,"column":44},"end":{"line":98,"column":5}},"line":88},"5":{"name":"(anonymous_5)","decl":{"start":{"line":104,"column":24},"end":{"line":104,"column":25}},"loc":{"start":{"line":104,"column":44},"end":{"line":121,"column":5}},"line":104},"6":{"name":"(anonymous_6)","decl":{"start":{"line":127,"column":24},"end":{"line":127,"column":25}},"loc":{"start":{"line":127,"column":44},"end":{"line":135,"column":5}},"line":127},"7":{"name":"(anonymous_7)","decl":{"start":{"line":141,"column":24},"end":{"line":141,"column":25}},"loc":{"start":{"line":141,"column":44},"end":{"line":162,"column":5}},"line":141},"8":{"name":"(anonymous_8)","decl":{"start":{"line":145,"column":33},"end":{"line":145,"column":34}},"loc":{"start":{"line":145,"column":40},"end":{"line":145,"column":64}},"line":145}},"branchMap":{"0":{"loc":{"start":{"line":16,"column":4},"end":{"line":27,"column":5}},"type":"if","locations":[{"start":{"line":16,"column":4},"end":{"line":27,"column":5}},{"start":{"line":16,"column":4},"end":{"line":27,"column":5}}],"line":16},"1":{"loc":{"start":{"line":34,"column":23},"end":{"line":34,"column":45}},"type":"binary-expr","locations":[{"start":{"line":34,"column":23},"end":{"line":34,"column":39}},{"start":{"line":34,"column":43},"end":{"line":34,"column":45}}],"line":34},"2":{"loc":{"start":{"line":35,"column":25},"end":{"line":35,"column":49}},"type":"binary-expr","locations":[{"start":{"line":35,"column":25},"end":{"line":35,"column":43}},{"start":{"line":35,"column":47},"end":{"line":35,"column":49}}],"line":35},"3":{"loc":{"start":{"line":36,"column":22},"end":{"line":36,"column":43}},"type":"binary-expr","locations":[{"start":{"line":36,"column":22},"end":{"line":36,"column":37}},{"start":{"line":36,"column":41},"end":{"line":36,"column":43}}],"line":36},"4":{"loc":{"start":{"line":37,"column":22},"end":{"line":37,"column":43}},"type":"binary-expr","locations":[{"start":{"line":37,"column":22},"end":{"line":37,"column":37}},{"start":{"line":37,"column":41},"end":{"line":37,"column":43}}],"line":37},"5":{"loc":{"start":{"line":39,"column":29},"end":{"line":39,"column":53}},"type":"cond-expr","locations":[{"start":{"line":39,"column":38},"end":{"line":39,"column":48}},{"start":{"line":39,"column":51},"end":{"line":39,"column":53}}],"line":39},"6":{"loc":{"start":{"line":40,"column":31},"end":{"line":40,"column":59}},"type":"cond-expr","locations":[{"start":{"line":40,"column":42},"end":{"line":40,"column":54}},{"start":{"line":40,"column":57},"end":{"line":40,"column":59}}],"line":40},"7":{"loc":{"start":{"line":43,"column":8},"end":{"line":47,"column":19}},"type":"cond-expr","locations":[{"start":{"line":44,"column":10},"end":{"line":44,"column":24}},{"start":{"line":45,"column":10},"end":{"line":47,"column":19}}],"line":43},"8":{"loc":{"start":{"line":45,"column":10},"end":{"line":47,"column":19}},"type":"cond-expr","locations":[{"start":{"line":46,"column":10},"end":{"line":46,"column":25}},{"start":{"line":47,"column":10},"end":{"line":47,"column":19}}],"line":45},"9":{"loc":{"start":{"line":92,"column":12},"end":{"line":94,"column":13}},"type":"if","locations":[{"start":{"line":92,"column":12},"end":{"line":94,"column":13}},{"start":{"line":92,"column":12},"end":{"line":94,"column":13}}],"line":92},"10":{"loc":{"start":{"line":129,"column":8},"end":{"line":134,"column":9}},"type":"if","locations":[{"start":{"line":129,"column":8},"end":{"line":134,"column":9}},{"start":{"line":129,"column":8},"end":{"line":134,"column":9}}],"line":129},"11":{"loc":{"start":{"line":144,"column":6},"end":{"line":161,"column":7}},"type":"if","locations":[{"start":{"line":144,"column":6},"end":{"line":161,"column":7}},{"start":{"line":144,"column":6},"end":{"line":161,"column":7}}],"line":144},"12":{"loc":{"start":{"line":145,"column":8},"end":{"line":147,"column":9}},"type":"if","locations":[{"start":{"line":145,"column":8},"end":{"line":147,"column":9}},{"start":{"line":145,"column":8},"end":{"line":147,"column":9}}],"line":145}},"s":{"0":1,"1":1,"2":0,"3":0,"4":0,"5":0,"6":0,"7":0,"8":0,"9":1,"10":0,"11":0,"12":0,"13":0,"14":0,"15":0,"16":0,"17":0,"18":0,"19":0,"20":0,"21":1,"22":0,"23":0,"24":0,"25":0,"26":0,"27":1,"28":0,"29":0,"30":0,"31":0,"32":0,"33":0,"34":1,"35":0,"36":0,"37":0,"38":0,"39":0,"40":0,"41":0,"42":0,"43":0,"44":0,"45":0,"46":1,"47":0,"48":0,"49":0,"50":0,"51":0,"52":1,"53":0,"54":0,"55":0,"56":0,"57":0,"58":0,"59":0,"60":0,"61":0,"62":0,"63":0},"f":{"0":0,"1":0,"2":0,"3":0,"4":0,"5":0,"6":0,"7":0,"8":0},"b":{"0":[0,0],"1":[0,0],"2":[0,0],"3":[0,0],"4":[0,0],"5":[0,0],"6":[0,0],"7":[0,0],"8":[0,0],"9":[0,0],"10":[0,0],"11":[0,0],"12":[0,0]},"_coverageSchema":"1a1c01bbd47fc00a2c39e90264f33305004495a9","hash":"347062787daa0b20d65adce943aa64e6396b288c"}
,"C:\\Users\\Ryan James\\Desktop\\Crumple\\backend\\routes\\categoryRoutes.js": {"path":"C:\\Users\\Ryan James\\Desktop\\Crumple\\backend\\routes\\categoryRoutes.js","statementMap":{"0":{"start":{"line":6,"column":23},"end":{"line":6,"column":39}},"1":{"start":{"line":9,"column":0},"end":{"line":15,"column":1}},"2":{"start":{"line":12,"column":30},"end":{"line":12,"column":72}},"3":{"start":{"line":13,"column":4},"end":{"line":13,"column":35}},"4":{"start":{"line":18,"column":0},"end":{"line":24,"column":1}},"5":{"start":{"line":21,"column":23},"end":{"line":21,"column":46}},"6":{"start":{"line":22,"column":4},"end":{"line":22,"column":24}},"7":{"start":{"line":27,"column":0},"end":{"line":43,"column":1}},"8":{"start":{"line":30,"column":21},"end":{"line":30,"column":59}},"9":{"start":{"line":31,"column":4},"end":{"line":41,"column":5}},"10":{"start":{"line":32,"column":6},"end":{"line":38,"column":8}},"11":{"start":{"line":40,"column":6},"end":{"line":40,"column":61}}},"fnMap":{"0":{"name":"(anonymous_0)","decl":{"start":{"line":11,"column":22},"end":{"line":11,"column":23}},"loc":{"start":{"line":11,"column":42},"end":{"line":14,"column":3}},"line":11},"1":{"name":"(anonymous_1)","decl":{"start":{"line":20,"column":22},"end":{"line":20,"column":23}},"loc":{"start":{"line":20,"column":42},"end":{"line":23,"column":3}},"line":20},"2":{"name":"(anonymous_2)","decl":{"start":{"line":29,"column":22},"end":{"line":29,"column":23}},"loc":{"start":{"line":29,"column":42},"end":{"line":42,"column":3}},"line":29}},"branchMap":{"0":{"loc":{"start":{"line":31,"column":4},"end":{"line":41,"column":5}},"type":"if","locations":[{"start":{"line":31,"column":4},"end":{"line":41,"column":5}},{"start":{"line":31,"column":4},"end":{"line":41,"column":5}}],"line":31}},"s":{"0":1,"1":1,"2":0,"3":0,"4":1,"5":0,"6":0,"7":1,"8":0,"9":0,"10":0,"11":0},"f":{"0":0,"1":0,"2":0},"b":{"0":[0,0]},"_coverageSchema":"1a1c01bbd47fc00a2c39e90264f33305004495a9","hash":"52e3b39e4a39c9427058915fb507017d9a1d654c"}
,"C:\\Users\\Ryan James\\Desktop\\Crumple\\backend\\routes\\orderRoutes.js": {"path":"C:\\Users\\Ryan James\\Desktop\\Crumple\\backend\\routes\\orderRoutes.js","statementMap":{"0":{"start":{"line":11,"column":20},"end":{"line":11,"column":36}},"1":{"start":{"line":13,"column":0},"end":{"line":34,"column":2}},"2":{"start":{"line":17,"column":8},"end":{"line":32,"column":9}},"3":{"start":{"line":18,"column":12},"end":{"line":18,"column":63}},"4":{"start":{"line":21,"column":26},"end":{"line":29,"column":14}},"5":{"start":{"line":30,"column":33},"end":{"line":30,"column":51}},"6":{"start":{"line":31,"column":12},"end":{"line":31,"column":88}},"7":{"start":{"line":36,"column":0},"end":{"line":47,"column":2}},"8":{"start":{"line":40,"column":8},"end":{"line":45,"column":9}},"9":{"start":{"line":41,"column":26},"end":{"line":41,"column":66}},"10":{"start":{"line":42,"column":12},"end":{"line":42,"column":40}},"11":{"start":{"line":44,"column":12},"end":{"line":44,"column":65}},"12":{"start":{"line":49,"column":0},"end":{"line":61,"column":2}},"13":{"start":{"line":53,"column":30},"end":{"line":53,"column":74}},"14":{"start":{"line":54,"column":22},"end":{"line":54,"column":81}},"15":{"start":{"line":55,"column":8},"end":{"line":59,"column":9}},"16":{"start":{"line":56,"column":12},"end":{"line":56,"column":40}},"17":{"start":{"line":58,"column":12},"end":{"line":58,"column":65}},"18":{"start":{"line":63,"column":0},"end":{"line":84,"column":2}},"19":{"start":{"line":67,"column":30},"end":{"line":67,"column":72}},"20":{"start":{"line":68,"column":22},"end":{"line":68,"column":81}},"21":{"start":{"line":69,"column":8},"end":{"line":82,"column":9}},"22":{"start":{"line":70,"column":12},"end":{"line":70,"column":32}},"23":{"start":{"line":71,"column":12},"end":{"line":71,"column":38}},"24":{"start":{"line":72,"column":12},"end":{"line":77,"column":14}},"25":{"start":{"line":78,"column":33},"end":{"line":78,"column":51}},"26":{"start":{"line":79,"column":12},"end":{"line":79,"column":81}},"27":{"start":{"line":81,"column":12},"end":{"line":81,"column":65}},"28":{"start":{"line":86,"column":0},"end":{"line":101,"column":2}},"29":{"start":{"line":90,"column":22},"end":{"line":90,"column":57}},"30":{"start":{"line":91,"column":8},"end":{"line":99,"column":9}},"31":{"start":{"line":92,"column":12},"end":{"line":92,"column":37}},"32":{"start":{"line":93,"column":12},"end":{"line":93,"column":43}},"33":{"start":{"line":95,"column":33},"end":{"line":95,"column":51}},"34":{"start":{"line":96,"column":12},"end":{"line":96,"column":86}},"35":{"start":{"line":98,"column":12},"end":{"line":98,"column":65}}},"fnMap":{"0":{"name":"(anonymous_0)","decl":{"start":{"line":16,"column":24},"end":{"line":16,"column":25}},"loc":{"start":{"line":16,"column":44},"end":{"line":33,"column":5}},"line":16},"1":{"name":"(anonymous_1)","decl":{"start":{"line":39,"column":24},"end":{"line":39,"column":25}},"loc":{"start":{"line":39,"column":44},"end":{"line":46,"column":5}},"line":39},"2":{"name":"(anonymous_2)","decl":{"start":{"line":52,"column":24},"end":{"line":52,"column":25}},"loc":{"start":{"line":52,"column":44},"end":{"line":60,"column":5}},"line":52},"3":{"name":"(anonymous_3)","decl":{"start":{"line":66,"column":24},"end":{"line":66,"column":25}},"loc":{"start":{"line":66,"column":44},"end":{"line":83,"column":5}},"line":66},"4":{"name":"(anonymous_4)","decl":{"start":{"line":89,"column":24},"end":{"line":89,"column":25}},"loc":{"start":{"line":89,"column":44},"end":{"line":100,"column":5}},"line":89}},"branchMap":{"0":{"loc":{"start":{"line":17,"column":8},"end":{"line":32,"column":9}},"type":"if","locations":[{"start":{"line":17,"column":8},"end":{"line":32,"column":9}},{"start":{"line":17,"column":8},"end":{"line":32,"column":9}}],"line":17},"1":{"loc":{"start":{"line":55,"column":8},"end":{"line":59,"column":9}},"type":"if","locations":[{"start":{"line":55,"column":8},"end":{"line":59,"column":9}},{"start":{"line":55,"column":8},"end":{"line":59,"column":9}}],"line":55},"2":{"loc":{"start":{"line":69,"column":8},"end":{"line":82,"column":9}},"type":"if","locations":[{"start":{"line":69,"column":8},"end":{"line":82,"column":9}},{"start":{"line":69,"column":8},"end":{"line":82,"column":9}}],"line":69},"3":{"loc":{"start":{"line":91,"column":8},"end":{"line":99,"column":9}},"type":"if","locations":[{"start":{"line":91,"column":8},"end":{"line":99,"column":9}},{"start":{"line":91,"column":8},"end":{"line":99,"column":9}}],"line":91}},"s":{"0":1,"1":1,"2":0,"3":0,"4":0,"5":0,"6":0,"7":1,"8":0,"9":0,"10":0,"11":0,"12":1,"13":0,"14":0,"15":0,"16":0,"17":0,"18":1,"19":0,"20":0,"21":0,"22":0,"23":0,"24":0,"25":0,"26":0,"27":0,"28":1,"29":0,"30":0,"31":0,"32":0,"33":0,"34":0,"35":0},"f":{"0":0,"1":0,"2":0,"3":0,"4":0},"b":{"0":[0,0],"1":[0,0],"2":[0,0],"3":[0,0]},"_coverageSchema":"1a1c01bbd47fc00a2c39e90264f33305004495a9","hash":"23795cd71017b716377011fec3485a740b3f011c"}
,"C:\\Users\\Ryan James\\Desktop\\Crumple\\backend\\routes\\uploadRoutes.js": {"path":"C:\\Users\\Ryan James\\Desktop\\Crumple\\backend\\routes\\uploadRoutes.js","statementMap":{"0":{"start":{"line":11,"column":19},"end":{"line":11,"column":44}},"1":{"start":{"line":12,"column":15},"end":{"line":12,"column":43}},"2":{"start":{"line":14,"column":0},"end":{"line":14,"column":15}},"3":{"start":{"line":16,"column":19},"end":{"line":16,"column":46}},"4":{"start":{"line":17,"column":15},"end":{"line":17,"column":44}},"5":{"start":{"line":18,"column":20},"end":{"line":18,"column":46}},"6":{"start":{"line":19,"column":24},"end":{"line":19,"column":50}},"7":{"start":{"line":21,"column":11},"end":{"line":26,"column":2}},"8":{"start":{"line":28,"column":20},"end":{"line":28,"column":26}},"9":{"start":{"line":30,"column":21},"end":{"line":30,"column":37}},"10":{"start":{"line":32,"column":0},"end":{"line":47,"column":2}},"11":{"start":{"line":35,"column":4},"end":{"line":46,"column":5}},"12":{"start":{"line":36,"column":18},"end":{"line":36,"column":32}},"13":{"start":{"line":37,"column":18},"end":{"line":41,"column":8}},"14":{"start":{"line":42,"column":6},"end":{"line":42,"column":31}},"15":{"start":{"line":43,"column":6},"end":{"line":43,"column":31}},"16":{"start":{"line":45,"column":6},"end":{"line":45,"column":44}},"17":{"start":{"line":49,"column":0},"end":{"line":62,"column":2}},"18":{"start":{"line":53,"column":4},"end":{"line":61,"column":5}},"19":{"start":{"line":54,"column":19},"end":{"line":54,"column":27}},"20":{"start":{"line":55,"column":21},"end":{"line":55,"column":43}},"21":{"start":{"line":56,"column":6},"end":{"line":56,"column":33}},"22":{"start":{"line":57,"column":6},"end":{"line":57,"column":38}},"23":{"start":{"line":60,"column":6},"end":{"line":60,"column":44}}},"fnMap":{"0":{"name":"(anonymous_0)","decl":{"start":{"line":34,"column":2},"end":{"line":34,"column":3}},"loc":{"start":{"line":34,"column":16},"end":{"line":47,"column":1}},"line":34},"1":{"name":"(anonymous_1)","decl":{"start":{"line":52,"column":26},"end":{"line":52,"column":27}},"loc":{"start":{"line":52,"column":46},"end":{"line":62,"column":1}},"line":52}},"branchMap":{},"s":{"0":1,"1":1,"2":1,"3":1,"4":1,"5":1,"6":1,"7":1,"8":1,"9":1,"10":1,"11":0,"12":0,"13":0,"14":0,"15":0,"16":0,"17":1,"18":0,"19":0,"20":0,"21":0,"22":0,"23":0},"f":{"0":0,"1":0},"b":{},"_coverageSchema":"1a1c01bbd47fc00a2c39e90264f33305004495a9","hash":"4c7853a40580c1120f6242d414362acadf892b28"}
,"C:\\Users\\Ryan James\\Desktop\\Crumple\\backend\\routes\\userRouter.js": {"path":"C:\\Users\\Ryan James\\Desktop\\Crumple\\backend\\routes\\userRouter.js","statementMap":{"0":{"start":{"line":12,"column":19},"end":{"line":12,"column":35}},"1":{"start":{"line":15,"column":0},"end":{"line":21,"column":2}},"2":{"start":{"line":18,"column":29},"end":{"line":18,"column":62}},"3":{"start":{"line":19,"column":8},"end":{"line":19,"column":35}},"4":{"start":{"line":24,"column":0},"end":{"line":43,"column":2}},"5":{"start":{"line":27,"column":21},"end":{"line":27,"column":66}},"6":{"start":{"line":28,"column":8},"end":{"line":41,"column":9}},"7":{"start":{"line":29,"column":12},"end":{"line":38,"column":13}},"8":{"start":{"line":30,"column":16},"end":{"line":37,"column":19}},"9":{"start":{"line":40,"column":12},"end":{"line":40,"column":80}},"10":{"start":{"line":46,"column":0},"end":{"line":73,"column":2}},"11":{"start":{"line":49,"column":8},"end":{"line":70,"column":9}},"12":{"start":{"line":50,"column":33},"end":{"line":50,"column":76}},"13":{"start":{"line":51,"column":12},"end":{"line":53,"column":13}},"14":{"start":{"line":52,"column":16},"end":{"line":52,"column":70}},"15":{"start":{"line":54,"column":25},"end":{"line":58,"column":14}},"16":{"start":{"line":59,"column":32},"end":{"line":59,"column":49}},"17":{"start":{"line":60,"column":12},"end":{"line":67,"column":15}},"18":{"start":{"line":69,"column":12},"end":{"line":69,"column":48}},"19":{"start":{"line":76,"column":0},"end":{"line":94,"column":2}},"20":{"start":{"line":79,"column":21},"end":{"line":79,"column":55}},"21":{"start":{"line":80,"column":8},"end":{"line":92,"column":9}},"22":{"start":{"line":81,"column":12},"end":{"line":89,"column":15}},"23":{"start":{"line":91,"column":12},"end":{"line":91,"column":64}},"24":{"start":{"line":97,"column":0},"end":{"line":125,"column":2}},"25":{"start":{"line":101,"column":21},"end":{"line":101,"column":55}},"26":{"start":{"line":102,"column":8},"end":{"line":102,"column":64}},"27":{"start":{"line":103,"column":8},"end":{"line":123,"column":9}},"28":{"start":{"line":104,"column":12},"end":{"line":104,"column":51}},"29":{"start":{"line":105,"column":12},"end":{"line":105,"column":54}},"30":{"start":{"line":106,"column":12},"end":{"line":106,"column":72}},"31":{"start":{"line":107,"column":12},"end":{"line":107,"column":55}},"32":{"start":{"line":109,"column":32},"end":{"line":109,"column":49}},"33":{"start":{"line":110,"column":12},"end":{"line":119,"column":15}},"34":{"start":{"line":122,"column":12},"end":{"line":122,"column":64}},"35":{"start":{"line":128,"column":0},"end":{"line":136,"column":2}},"36":{"start":{"line":133,"column":22},"end":{"line":133,"column":41}},"37":{"start":{"line":134,"column":8},"end":{"line":134,"column":24}},"38":{"start":{"line":139,"column":0},"end":{"line":156,"column":1}},"39":{"start":{"line":144,"column":21},"end":{"line":144,"column":55}},"40":{"start":{"line":145,"column":8},"end":{"line":154,"column":9}},"41":{"start":{"line":146,"column":12},"end":{"line":149,"column":13}},"42":{"start":{"line":147,"column":16},"end":{"line":147,"column":79}},"43":{"start":{"line":148,"column":16},"end":{"line":148,"column":23}},"44":{"start":{"line":150,"column":31},"end":{"line":150,"column":50}},"45":{"start":{"line":151,"column":12},"end":{"line":151,"column":68}},"46":{"start":{"line":153,"column":12},"end":{"line":153,"column":64}}},"fnMap":{"0":{"name":"(anonymous_0)","decl":{"start":{"line":17,"column":24},"end":{"line":17,"column":25}},"loc":{"start":{"line":17,"column":44},"end":{"line":20,"column":5}},"line":17},"1":{"name":"(anonymous_1)","decl":{"start":{"line":26,"column":24},"end":{"line":26,"column":25}},"loc":{"start":{"line":26,"column":44},"end":{"line":42,"column":5}},"line":26},"2":{"name":"(anonymous_2)","decl":{"start":{"line":48,"column":24},"end":{"line":48,"column":25}},"loc":{"start":{"line":48,"column":44},"end":{"line":72,"column":5}},"line":48},"3":{"name":"(anonymous_3)","decl":{"start":{"line":78,"column":24},"end":{"line":78,"column":25}},"loc":{"start":{"line":78,"column":44},"end":{"line":93,"column":5}},"line":78},"4":{"name":"(anonymous_4)","decl":{"start":{"line":100,"column":24},"end":{"line":100,"column":25}},"loc":{"start":{"line":100,"column":44},"end":{"line":124,"column":5}},"line":100},"5":{"name":"(anonymous_5)","decl":{"start":{"line":132,"column":24},"end":{"line":132,"column":25}},"loc":{"start":{"line":132,"column":44},"end":{"line":135,"column":5}},"line":132},"6":{"name":"(anonymous_6)","decl":{"start":{"line":143,"column":24},"end":{"line":143,"column":25}},"loc":{"start":{"line":143,"column":44},"end":{"line":155,"column":5}},"line":143}},"branchMap":{"0":{"loc":{"start":{"line":28,"column":8},"end":{"line":41,"column":9}},"type":"if","locations":[{"start":{"line":28,"column":8},"end":{"line":41,"column":9}},{"start":{"line":28,"column":8},"end":{"line":41,"column":9}}],"line":28},"1":{"loc":{"start":{"line":29,"column":12},"end":{"line":38,"column":13}},"type":"if","locations":[{"start":{"line":29,"column":12},"end":{"line":38,"column":13}},{"start":{"line":29,"column":12},"end":{"line":38,"column":13}}],"line":29},"2":{"loc":{"start":{"line":51,"column":12},"end":{"line":53,"column":13}},"type":"if","locations":[{"start":{"line":51,"column":12},"end":{"line":53,"column":13}},{"start":{"line":51,"column":12},"end":{"line":53,"column":13}}],"line":51},"3":{"loc":{"start":{"line":80,"column":8},"end":{"line":92,"column":9}},"type":"if","locations":[{"start":{"line":80,"column":8},"end":{"line":92,"column":9}},{"start":{"line":80,"column":8},"end":{"line":92,"column":9}}],"line":80},"4":{"loc":{"start":{"line":103,"column":8},"end":{"line":123,"column":9}},"type":"if","locations":[{"start":{"line":103,"column":8},"end":{"line":123,"column":9}},{"start":{"line":103,"column":8},"end":{"line":123,"column":9}}],"line":103},"5":{"loc":{"start":{"line":104,"column":24},"end":{"line":104,"column":50}},"type":"binary-expr","locations":[{"start":{"line":104,"column":24},"end":{"line":104,"column":37}},{"start":{"line":104,"column":41},"end":{"line":104,"column":50}}],"line":104},"6":{"loc":{"start":{"line":105,"column":25},"end":{"line":105,"column":53}},"type":"binary-expr","locations":[{"start":{"line":105,"column":25},"end":{"line":105,"column":39}},{"start":{"line":105,"column":43},"end":{"line":105,"column":53}}],"line":105},"7":{"loc":{"start":{"line":106,"column":31},"end":{"line":106,"column":71}},"type":"binary-expr","locations":[{"start":{"line":106,"column":31},"end":{"line":106,"column":51}},{"start":{"line":106,"column":55},"end":{"line":106,"column":71}}],"line":106},"8":{"loc":{"start":{"line":107,"column":25},"end":{"line":107,"column":54}},"type":"binary-expr","locations":[{"start":{"line":107,"column":25},"end":{"line":107,"column":40}},{"start":{"line":107,"column":44},"end":{"line":107,"column":54}}],"line":107},"9":{"loc":{"start":{"line":145,"column":8},"end":{"line":154,"column":9}},"type":"if","locations":[{"start":{"line":145,"column":8},"end":{"line":154,"column":9}},{"start":{"line":145,"column":8},"end":{"line":154,"column":9}}],"line":145},"10":{"loc":{"start":{"line":146,"column":12},"end":{"line":149,"column":13}},"type":"if","locations":[{"start":{"line":146,"column":12},"end":{"line":149,"column":13}},{"start":{"line":146,"column":12},"end":{"line":149,"column":13}}],"line":146},"11":{"loc":{"start":{"line":146,"column":16},"end":{"line":146,"column":90}},"type":"binary-expr","locations":[{"start":{"line":146,"column":16},"end":{"line":146,"column":51}},{"start":{"line":146,"column":55},"end":{"line":146,"column":90}}],"line":146}},"s":{"0":1,"1":1,"2":0,"3":0,"4":1,"5":0,"6":0,"7":0,"8":0,"9":0,"10":1,"11":0,"12":0,"13":0,"14":0,"15":0,"16":0,"17":0,"18":0,"19":1,"20":0,"21":0,"22":0,"23":0,"24":1,"25":0,"26":0,"27":0,"28":0,"29":0,"30":0,"31":0,"32":0,"33":0,"34":0,"35":1,"36":0,"37":0,"38":1,"39":0,"40":0,"41":0,"42":0,"43":0,"44":0,"45":0,"46":0},"f":{"0":0,"1":0,"2":0,"3":0,"4":0,"5":0,"6":0},"b":{"0":[0,0],"1":[0,0],"2":[0,0],"3":[0,0],"4":[0,0],"5":[0,0],"6":[0,0],"7":[0,0],"8":[0,0],"9":[0,0],"10":[0,0],"11":[0,0]},"_coverageSchema":"1a1c01bbd47fc00a2c39e90264f33305004495a9","hash":"0bea4ca95a75b1ceb8297a0ae61f72e4b6368ea1"}
,"C:\\Users\\Ryan James\\Desktop\\Crumple\\backend\\tests\\helpers.js": {"path":"C:\\Users\\Ryan James\\Desktop\\Crumple\\backend\\tests\\helpers.js","statementMap":{"0":{"start":{"line":4,"column":24},"end":{"line":4,"column":68}},"1":{"start":{"line":5,"column":4},"end":{"line":8,"column":5}},"2":{"start":{"line":6,"column":27},"end":{"line":6,"column":74}},"3":{"start":{"line":7,"column":8},"end":{"line":7,"column":38}},"4":{"start":{"line":12,"column":24},"end":{"line":12,"column":68}},"5":{"start":{"line":13,"column":4},"end":{"line":25,"column":5}},"6":{"start":{"line":14,"column":27},"end":{"line":14,"column":74}},"7":{"start":{"line":15,"column":8},"end":{"line":24,"column":9}},"8":{"start":{"line":16,"column":12},"end":{"line":16,"column":36}},"9":{"start":{"line":19,"column":12},"end":{"line":19,"column":57}},"10":{"start":{"line":19,"column":50},"end":{"line":19,"column":57}},"11":{"start":{"line":21,"column":12},"end":{"line":22,"column":19}},"12":{"start":{"line":22,"column":12},"end":{"line":22,"column":19}},"13":{"start":{"line":23,"column":12},"end":{"line":23,"column":39}}},"fnMap":{"0":{"name":"removeAllCollections","decl":{"start":{"line":3,"column":22},"end":{"line":3,"column":42}},"loc":{"start":{"line":3,"column":45},"end":{"line":9,"column":1}},"line":3},"1":{"name":"dropAllCollections","decl":{"start":{"line":11,"column":22},"end":{"line":11,"column":40}},"loc":{"start":{"line":11,"column":43},"end":{"line":26,"column":1}},"line":11}},"branchMap":{"0":{"loc":{"start":{"line":19,"column":12},"end":{"line":19,"column":57}},"type":"if","locations":[{"start":{"line":19,"column":12},"end":{"line":19,"column":57}},{"start":{"line":19,"column":12},"end":{"line":19,"column":57}}],"line":19},"1":{"loc":{"start":{"line":21,"column":12},"end":{"line":22,"column":19}},"type":"if","locations":[{"start":{"line":21,"column":12},"end":{"line":22,"column":19}},{"start":{"line":21,"column":12},"end":{"line":22,"column":19}}],"line":21}},"s":{"0":0,"1":0,"2":0,"3":0,"4":0,"5":0,"6":0,"7":0,"8":0,"9":0,"10":0,"11":0,"12":0,"13":0},"f":{"0":0,"1":0},"b":{"0":[0,0],"1":[0,0]},"_coverageSchema":"1a1c01bbd47fc00a2c39e90264f33305004495a9","hash":"9e4ba7ef19782230a7440ac6dbacdbf3dbddbadd"}
,"C:\\Users\\Ryan James\\Desktop\\Crumple\\backend\\util\\s3.js": {"path":"C:\\Users\\Ryan James\\Desktop\\Crumple\\backend\\util\\s3.js","statementMap":{"0":{"start":{"line":5,"column":0},"end":{"line":5,"column":15}},"1":{"start":{"line":7,"column":19},"end":{"line":7,"column":46}},"2":{"start":{"line":8,"column":15},"end":{"line":8,"column":44}},"3":{"start":{"line":9,"column":20},"end":{"line":9,"column":46}},"4":{"start":{"line":10,"column":24},"end":{"line":10,"column":50}},"5":{"start":{"line":12,"column":11},"end":{"line":16,"column":2}},"6":{"start":{"line":20,"column":23},"end":{"line":20,"column":53}},"7":{"start":{"line":22,"column":25},"end":{"line":26,"column":5}},"8":{"start":{"line":28,"column":4},"end":{"line":28,"column":44}}},"fnMap":{"0":{"name":"uploadFile","decl":{"start":{"line":19,"column":9},"end":{"line":19,"column":19}},"loc":{"start":{"line":19,"column":26},"end":{"line":29,"column":1}},"line":19}},"branchMap":{},"s":{"0":1,"1":1,"2":1,"3":1,"4":1,"5":1,"6":0,"7":0,"8":0},"f":{"0":0},"b":{},"_coverageSchema":"1a1c01bbd47fc00a2c39e90264f33305004495a9","hash":"15eb0eed7e3769f734e12badb7baa7e589706315"}
,"C:\\Users\\Ryan James\\Desktop\\Crumple\\backend\\util\\seed.js": {"path":"C:\\Users\\Ryan James\\Desktop\\Crumple\\backend\\util\\seed.js","statementMap":{"0":{"start":{"line":3,"column":13},"end":{"line":424,"column":1}}},"fnMap":{},"branchMap":{},"s":{"0":1},"f":{},"b":{},"_coverageSchema":"1a1c01bbd47fc00a2c39e90264f33305004495a9","hash":"8e769b1a8b7649e665dee97302bb287c6a0a57e9"}
,"C:\\Users\\Ryan James\\Desktop\\Crumple\\backend\\util\\util.js": {"path":"C:\\Users\\Ryan James\\Desktop\\Crumple\\backend\\util\\util.js","statementMap":{"0":{"start":{"line":4,"column":29},"end":{"line":18,"column":1}},"1":{"start":{"line":5,"column":4},"end":{"line":17,"column":6}},"2":{"start":{"line":20,"column":22},"end":{"line":40,"column":1}},"3":{"start":{"line":21,"column":26},"end":{"line":21,"column":51}},"4":{"start":{"line":22,"column":4},"end":{"line":39,"column":5}},"5":{"start":{"line":24,"column":22},"end":{"line":24,"column":61}},"6":{"start":{"line":25,"column":8},"end":{"line":36,"column":6}},"7":{"start":{"line":29,"column":16},"end":{"line":34,"column":13}},"8":{"start":{"line":30,"column":20},"end":{"line":30,"column":71}},"9":{"start":{"line":32,"column":20},"end":{"line":32,"column":38}},"10":{"start":{"line":33,"column":16},"end":{"line":33,"column":23}},"11":{"start":{"line":38,"column":8},"end":{"line":38,"column":54}},"12":{"start":{"line":42,"column":23},"end":{"line":48,"column":1}},"13":{"start":{"line":43,"column":4},"end":{"line":47,"column":5}},"14":{"start":{"line":44,"column":8},"end":{"line":44,"column":15}},"15":{"start":{"line":46,"column":8},"end":{"line":46,"column":65}},"16":{"start":{"line":50,"column":23},"end":{"line":55,"column":1}},"17":{"start":{"line":51,"column":4},"end":{"line":54,"column":6}},"18":{"start":{"line":57,"column":37},"end":{"line":62,"column":1}},"19":{"start":{"line":58,"column":4},"end":{"line":61,"column":10}}},"fnMap":{"0":{"name":"(anonymous_0)","decl":{"start":{"line":4,"column":29},"end":{"line":4,"column":30}},"loc":{"start":{"line":4,"column":39},"end":{"line":18,"column":1}},"line":4},"1":{"name":"(anonymous_1)","decl":{"start":{"line":20,"column":22},"end":{"line":20,"column":23}},"loc":{"start":{"line":20,"column":42},"end":{"line":40,"column":1}},"line":20},"2":{"name":"(anonymous_2)","decl":{"start":{"line":28,"column":12},"end":{"line":28,"column":13}},"loc":{"start":{"line":28,"column":29},"end":{"line":35,"column":9}},"line":28},"3":{"name":"(anonymous_3)","decl":{"start":{"line":42,"column":23},"end":{"line":42,"column":24}},"loc":{"start":{"line":42,"column":43},"end":{"line":48,"column":1}},"line":42},"4":{"name":"(anonymous_4)","decl":{"start":{"line":50,"column":23},"end":{"line":50,"column":24}},"loc":{"start":{"line":50,"column":29},"end":{"line":55,"column":1}},"line":50},"5":{"name":"(anonymous_5)","decl":{"start":{"line":57,"column":37},"end":{"line":57,"column":38}},"loc":{"start":{"line":57,"column":47},"end":{"line":62,"column":1}},"line":57}},"branchMap":{"0":{"loc":{"start":{"line":13,"column":8},"end":{"line":13,"column":51}},"type":"binary-expr","locations":[{"start":{"line":13,"column":8},"end":{"line":13,"column":30}},{"start":{"line":13,"column":34},"end":{"line":13,"column":51}}],"line":13},"1":{"loc":{"start":{"line":22,"column":4},"end":{"line":39,"column":5}},"type":"if","locations":[{"start":{"line":22,"column":4},"end":{"line":39,"column":5}},{"start":{"line":22,"column":4},"end":{"line":39,"column":5}}],"line":22},"2":{"loc":{"start":{"line":27,"column":12},"end":{"line":27,"column":55}},"type":"binary-expr","locations":[{"start":{"line":27,"column":12},"end":{"line":27,"column":34}},{"start":{"line":27,"column":38},"end":{"line":27,"column":55}}],"line":27},"3":{"loc":{"start":{"line":29,"column":16},"end":{"line":34,"column":13}},"type":"if","locations":[{"start":{"line":29,"column":16},"end":{"line":34,"column":13}},{"start":{"line":29,"column":16},"end":{"line":34,"column":13}}],"line":29},"4":{"loc":{"start":{"line":43,"column":4},"end":{"line":47,"column":5}},"type":"if","locations":[{"start":{"line":43,"column":4},"end":{"line":47,"column":5}},{"start":{"line":43,"column":4},"end":{"line":47,"column":5}}],"line":43},"5":{"loc":{"start":{"line":43,"column":8},"end":{"line":43,"column":36}},"type":"binary-expr","locations":[{"start":{"line":43,"column":8},"end":{"line":43,"column":16}},{"start":{"line":43,"column":20},"end":{"line":43,"column":36}}],"line":43}},"s":{"0":1,"1":1,"2":1,"3":0,"4":0,"5":0,"6":0,"7":0,"8":0,"9":0,"10":0,"11":0,"12":1,"13":0,"14":0,"15":0,"16":1,"17":0,"18":1,"19":0},"f":{"0":1,"1":0,"2":0,"3":0,"4":0,"5":0},"b":{"0":[1,0],"1":[0,0],"2":[0,0],"3":[0,0],"4":[0,0],"5":[0,0]},"_coverageSchema":"1a1c01bbd47fc00a2c39e90264f33305004495a9","hash":"7bd3b8deb443eaa2e7a7c66dd98a3d084bd6ba9c"}
}
