{"C:\\Users\\Ryan James\\Desktop\\Crumple\\backend\\config.js": {"path":"C:\\Users\\Ryan James\\Desktop\\Crumple\\backend\\config.js","statementMap":{"0":{"start":{"line":2,"column":4},"end":{"line":10,"column":5}},"1":{"start":{"line":3,"column":8},"end":{"line":3,"column":49}},"2":{"start":{"line":5,"column":9},"end":{"line":10,"column":5}},"3":{"start":{"line":6,"column":8},"end":{"line":6,"column":44}},"4":{"start":{"line":9,"column":8},"end":{"line":9,"column":51}},"5":{"start":{"line":11,"column":4},"end":{"line":11,"column":10}},"6":{"start":{"line":14,"column":25},"end":{"line":14,"column":34}}},"fnMap":{"0":{"name":"nodeEnv","decl":{"start":{"line":1,"column":9},"end":{"line":1,"column":16}},"loc":{"start":{"line":1,"column":19},"end":{"line":12,"column":1}},"line":1}},"branchMap":{"0":{"loc":{"start":{"line":2,"column":4},"end":{"line":10,"column":5}},"type":"if","locations":[{"start":{"line":2,"column":4},"end":{"line":10,"column":5}},{"start":{"line":2,"column":4},"end":{"line":10,"column":5}}],"line":2},"1":{"loc":{"start":{"line":5,"column":9},"end":{"line":10,"column":5}},"type":"if","locations":[{"start":{"line":5,"column":9},"end":{"line":10,"column":5}},{"start":{"line":5,"column":9},"end":{"line":10,"column":5}}],"line":5}},"s":{"0":1,"1":1,"2":0,"3":0,"4":0,"5":0,"6":1},"f":{"0":1},"b":{"0":[1,0],"1":[0,0]},"_coverageSchema":"1a1c01bbd47fc00a2c39e90264f33305004495a9","hash":"b549b767ecad1353d527dbf554fccb7d11a7bfd4"}
,"C:\\Users\\Ryan James\\Desktop\\Crumple\\backend\\server.js": {"path":"C:\\Users\\Ryan James\\Desktop\\Crumple\\backend\\server.js","statementMap":{"0":{"start":{"line":10,"column":0},"end":{"line":10,"column":15}},"1":{"start":{"line":12,"column":12},"end":{"line":12,"column":21}},"2":{"start":{"line":14,"column":0},"end":{"line":14,"column":30}},"3":{"start":{"line":16,"column":0},"end":{"line":16,"column":23}},"4":{"start":{"line":17,"column":0},"end":{"line":17,"column":47}},"5":{"start":{"line":19,"column":0},"end":{"line":23,"column":2}},"6":{"start":{"line":25,"column":13},"end":{"line":25,"column":37}},"7":{"start":{"line":27,"column":0},"end":{"line":29,"column":2}},"8":{"start":{"line":28,"column":2},"end":{"line":28,"column":45}},"9":{"start":{"line":31,"column":0},"end":{"line":31,"column":33}},"10":{"start":{"line":32,"column":0},"end":{"line":32,"column":39}},"11":{"start":{"line":33,"column":0},"end":{"line":33,"column":42}},"12":{"start":{"line":35,"column":0},"end":{"line":37,"column":2}},"13":{"start":{"line":36,"column":2},"end":{"line":36,"column":48}}},"fnMap":{"0":{"name":"(anonymous_0)","decl":{"start":{"line":27,"column":13},"end":{"line":27,"column":14}},"loc":{"start":{"line":27,"column":27},"end":{"line":29,"column":1}},"line":27},"1":{"name":"(anonymous_1)","decl":{"start":{"line":35,"column":8},"end":{"line":35,"column":9}},"loc":{"start":{"line":35,"column":33},"end":{"line":37,"column":1}},"line":35}},"branchMap":{"0":{"loc":{"start":{"line":19,"column":17},"end":{"line":19,"column":60}},"type":"binary-expr","locations":[{"start":{"line":19,"column":17},"end":{"line":19,"column":40}},{"start":{"line":19,"column":44},"end":{"line":19,"column":60}}],"line":19},"1":{"loc":{"start":{"line":25,"column":13},"end":{"line":25,"column":37}},"type":"binary-expr","locations":[{"start":{"line":25,"column":13},"end":{"line":25,"column":29}},{"start":{"line":25,"column":33},"end":{"line":25,"column":37}}],"line":25}},"s":{"0":1,"1":1,"2":1,"3":1,"4":1,"5":1,"6":1,"7":1,"8":1,"9":1,"10":1,"11":1,"12":1,"13":0},"f":{"0":1,"1":0},"b":{"0":[1,1],"1":[1,1]},"_coverageSchema":"1a1c01bbd47fc00a2c39e90264f33305004495a9","hash":"83fa40ac12fa0472ad4649b556e865d19521a907"}
,"C:\\Users\\Ryan James\\Desktop\\Crumple\\backend\\models\\artworkModel.js": {"path":"C:\\Users\\Ryan James\\Desktop\\Crumple\\backend\\models\\artworkModel.js","statementMap":{"0":{"start":{"line":3,"column":22},"end":{"line":15,"column":1}},"1":{"start":{"line":16,"column":16},"end":{"line":16,"column":56}}},"fnMap":{},"branchMap":{},"s":{"0":1,"1":1},"f":{},"b":{},"_coverageSchema":"1a1c01bbd47fc00a2c39e90264f33305004495a9","hash":"2617846c6291e8249135f5ab02cf031e0a3721fd"}
,"C:\\Users\\Ryan James\\Desktop\\Crumple\\backend\\models\\categoryModel.js": {"path":"C:\\Users\\Ryan James\\Desktop\\Crumple\\backend\\models\\categoryModel.js","statementMap":{"0":{"start":{"line":3,"column":23},"end":{"line":13,"column":1}},"1":{"start":{"line":15,"column":17},"end":{"line":15,"column":59}}},"fnMap":{},"branchMap":{},"s":{"0":1,"1":1},"f":{},"b":{},"_coverageSchema":"1a1c01bbd47fc00a2c39e90264f33305004495a9","hash":"c0e3449b9f0f40d9b28be4cde27b1987873ed79b"}
,"C:\\Users\\Ryan James\\Desktop\\Crumple\\backend\\models\\userModel.js": {"path":"C:\\Users\\Ryan James\\Desktop\\Crumple\\backend\\models\\userModel.js","statementMap":{"0":{"start":{"line":3,"column":19},"end":{"line":15,"column":1}},"1":{"start":{"line":16,"column":13},"end":{"line":16,"column":47}}},"fnMap":{},"branchMap":{},"s":{"0":1,"1":1},"f":{},"b":{},"_coverageSchema":"1a1c01bbd47fc00a2c39e90264f33305004495a9","hash":"339b19ae227cb3e563af904c1f000719ffd62ee9"}
,"C:\\Users\\Ryan James\\Desktop\\Crumple\\backend\\routes\\artworkRoutes.js": {"path":"C:\\Users\\Ryan James\\Desktop\\Crumple\\backend\\routes\\artworkRoutes.js","statementMap":{"0":{"start":{"line":10,"column":22},"end":{"line":10,"column":38}},"1":{"start":{"line":12,"column":0},"end":{"line":29,"column":2}},"2":{"start":{"line":15,"column":19},"end":{"line":15,"column":55}},"3":{"start":{"line":16,"column":4},"end":{"line":27,"column":5}},"4":{"start":{"line":17,"column":25},"end":{"line":20,"column":11}},"5":{"start":{"line":17,"column":57},"end":{"line":20,"column":9}},"6":{"start":{"line":21,"column":32},"end":{"line":21,"column":66}},"7":{"start":{"line":22,"column":8},"end":{"line":22,"column":38}},"8":{"start":{"line":24,"column":8},"end":{"line":26,"column":73}},"9":{"start":{"line":31,"column":0},"end":{"line":44,"column":2}},"10":{"start":{"line":34,"column":24},"end":{"line":37,"column":9}},"11":{"start":{"line":38,"column":8},"end":{"line":42,"column":9}},"12":{"start":{"line":39,"column":12},"end":{"line":39,"column":30}},"13":{"start":{"line":41,"column":12},"end":{"line":41,"column":67}}},"fnMap":{"0":{"name":"(anonymous_0)","decl":{"start":{"line":14,"column":24},"end":{"line":14,"column":25}},"loc":{"start":{"line":14,"column":44},"end":{"line":28,"column":5}},"line":14},"1":{"name":"(anonymous_1)","decl":{"start":{"line":17,"column":43},"end":{"line":17,"column":44}},"loc":{"start":{"line":17,"column":57},"end":{"line":20,"column":9}},"line":17},"2":{"name":"(anonymous_2)","decl":{"start":{"line":33,"column":24},"end":{"line":33,"column":25}},"loc":{"start":{"line":33,"column":44},"end":{"line":43,"column":5}},"line":33}},"branchMap":{"0":{"loc":{"start":{"line":16,"column":4},"end":{"line":27,"column":5}},"type":"if","locations":[{"start":{"line":16,"column":4},"end":{"line":27,"column":5}},{"start":{"line":16,"column":4},"end":{"line":27,"column":5}}],"line":16},"1":{"loc":{"start":{"line":38,"column":8},"end":{"line":42,"column":9}},"type":"if","locations":[{"start":{"line":38,"column":8},"end":{"line":42,"column":9}},{"start":{"line":38,"column":8},"end":{"line":42,"column":9}}],"line":38}},"s":{"0":1,"1":1,"2":0,"3":0,"4":0,"5":0,"6":0,"7":0,"8":0,"9":1,"10":0,"11":0,"12":0,"13":0},"f":{"0":0,"1":0,"2":0},"b":{"0":[0,0],"1":[0,0]},"_coverageSchema":"1a1c01bbd47fc00a2c39e90264f33305004495a9","hash":"8b0da58bb35ff6f1d9ce5ed0f9e0c5879d090f63"}
,"C:\\Users\\Ryan James\\Desktop\\Crumple\\backend\\routes\\categoryRoutes.js": {"path":"C:\\Users\\Ryan James\\Desktop\\Crumple\\backend\\routes\\categoryRoutes.js","statementMap":{"0":{"start":{"line":6,"column":23},"end":{"line":6,"column":39}},"1":{"start":{"line":9,"column":0},"end":{"line":15,"column":1}},"2":{"start":{"line":12,"column":23},"end":{"line":12,"column":46}},"3":{"start":{"line":13,"column":4},"end":{"line":13,"column":24}},"4":{"start":{"line":18,"column":0},"end":{"line":24,"column":1}},"5":{"start":{"line":21,"column":30},"end":{"line":21,"column":72}},"6":{"start":{"line":22,"column":4},"end":{"line":22,"column":35}}},"fnMap":{"0":{"name":"(anonymous_0)","decl":{"start":{"line":11,"column":22},"end":{"line":11,"column":23}},"loc":{"start":{"line":11,"column":42},"end":{"line":14,"column":3}},"line":11},"1":{"name":"(anonymous_1)","decl":{"start":{"line":20,"column":22},"end":{"line":20,"column":23}},"loc":{"start":{"line":20,"column":42},"end":{"line":23,"column":3}},"line":20}},"branchMap":{},"s":{"0":1,"1":1,"2":0,"3":0,"4":1,"5":0,"6":0},"f":{"0":0,"1":0},"b":{},"_coverageSchema":"1a1c01bbd47fc00a2c39e90264f33305004495a9","hash":"b5000dcc643a1797fb978372f7fa58877cc31ae0"}
,"C:\\Users\\Ryan James\\Desktop\\Crumple\\backend\\routes\\userRouter.js": {"path":"C:\\Users\\Ryan James\\Desktop\\Crumple\\backend\\routes\\userRouter.js","statementMap":{"0":{"start":{"line":8,"column":19},"end":{"line":8,"column":35}},"1":{"start":{"line":11,"column":0},"end":{"line":17,"column":2}},"2":{"start":{"line":14,"column":29},"end":{"line":14,"column":62}},"3":{"start":{"line":15,"column":8},"end":{"line":15,"column":35}},"4":{"start":{"line":20,"column":0},"end":{"line":38,"column":2}},"5":{"start":{"line":23,"column":21},"end":{"line":23,"column":66}},"6":{"start":{"line":24,"column":8},"end":{"line":35,"column":9}},"7":{"start":{"line":25,"column":12},"end":{"line":34,"column":13}},"8":{"start":{"line":26,"column":16},"end":{"line":33,"column":19}},"9":{"start":{"line":36,"column":8},"end":{"line":36,"column":71}},"10":{"start":{"line":41,"column":0},"end":{"line":57,"column":2}},"11":{"start":{"line":44,"column":21},"end":{"line":47,"column":10}},"12":{"start":{"line":48,"column":28},"end":{"line":48,"column":45}},"13":{"start":{"line":49,"column":8},"end":{"line":55,"column":11}},"14":{"start":{"line":60,"column":0},"end":{"line":77,"column":2}},"15":{"start":{"line":63,"column":21},"end":{"line":63,"column":55}},"16":{"start":{"line":64,"column":8},"end":{"line":75,"column":9}},"17":{"start":{"line":65,"column":12},"end":{"line":72,"column":15}},"18":{"start":{"line":74,"column":12},"end":{"line":74,"column":64}},"19":{"start":{"line":80,"column":0},"end":{"line":103,"column":2}},"20":{"start":{"line":84,"column":21},"end":{"line":84,"column":55}},"21":{"start":{"line":85,"column":8},"end":{"line":101,"column":9}},"22":{"start":{"line":86,"column":12},"end":{"line":86,"column":51}},"23":{"start":{"line":87,"column":12},"end":{"line":87,"column":54}},"24":{"start":{"line":88,"column":12},"end":{"line":88,"column":72}},"25":{"start":{"line":90,"column":32},"end":{"line":90,"column":49}},"26":{"start":{"line":91,"column":12},"end":{"line":97,"column":15}},"27":{"start":{"line":100,"column":12},"end":{"line":100,"column":64}},"28":{"start":{"line":106,"column":0},"end":{"line":114,"column":2}},"29":{"start":{"line":111,"column":22},"end":{"line":111,"column":41}},"30":{"start":{"line":112,"column":8},"end":{"line":112,"column":24}},"31":{"start":{"line":117,"column":0},"end":{"line":134,"column":1}},"32":{"start":{"line":122,"column":21},"end":{"line":122,"column":55}},"33":{"start":{"line":123,"column":8},"end":{"line":132,"column":9}},"34":{"start":{"line":124,"column":12},"end":{"line":127,"column":13}},"35":{"start":{"line":125,"column":16},"end":{"line":125,"column":79}},"36":{"start":{"line":126,"column":16},"end":{"line":126,"column":23}},"37":{"start":{"line":128,"column":31},"end":{"line":128,"column":50}},"38":{"start":{"line":129,"column":12},"end":{"line":129,"column":68}},"39":{"start":{"line":131,"column":12},"end":{"line":131,"column":64}}},"fnMap":{"0":{"name":"(anonymous_0)","decl":{"start":{"line":13,"column":24},"end":{"line":13,"column":25}},"loc":{"start":{"line":13,"column":44},"end":{"line":16,"column":5}},"line":13},"1":{"name":"(anonymous_1)","decl":{"start":{"line":22,"column":24},"end":{"line":22,"column":25}},"loc":{"start":{"line":22,"column":44},"end":{"line":37,"column":5}},"line":22},"2":{"name":"(anonymous_2)","decl":{"start":{"line":43,"column":24},"end":{"line":43,"column":25}},"loc":{"start":{"line":43,"column":44},"end":{"line":56,"column":5}},"line":43},"3":{"name":"(anonymous_3)","decl":{"start":{"line":62,"column":24},"end":{"line":62,"column":25}},"loc":{"start":{"line":62,"column":44},"end":{"line":76,"column":5}},"line":62},"4":{"name":"(anonymous_4)","decl":{"start":{"line":83,"column":24},"end":{"line":83,"column":25}},"loc":{"start":{"line":83,"column":44},"end":{"line":102,"column":5}},"line":83},"5":{"name":"(anonymous_5)","decl":{"start":{"line":110,"column":24},"end":{"line":110,"column":25}},"loc":{"start":{"line":110,"column":44},"end":{"line":113,"column":5}},"line":110},"6":{"name":"(anonymous_6)","decl":{"start":{"line":121,"column":24},"end":{"line":121,"column":25}},"loc":{"start":{"line":121,"column":44},"end":{"line":133,"column":5}},"line":121}},"branchMap":{"0":{"loc":{"start":{"line":24,"column":8},"end":{"line":35,"column":9}},"type":"if","locations":[{"start":{"line":24,"column":8},"end":{"line":35,"column":9}},{"start":{"line":24,"column":8},"end":{"line":35,"column":9}}],"line":24},"1":{"loc":{"start":{"line":25,"column":12},"end":{"line":34,"column":13}},"type":"if","locations":[{"start":{"line":25,"column":12},"end":{"line":34,"column":13}},{"start":{"line":25,"column":12},"end":{"line":34,"column":13}}],"line":25},"2":{"loc":{"start":{"line":64,"column":8},"end":{"line":75,"column":9}},"type":"if","locations":[{"start":{"line":64,"column":8},"end":{"line":75,"column":9}},{"start":{"line":64,"column":8},"end":{"line":75,"column":9}}],"line":64},"3":{"loc":{"start":{"line":85,"column":8},"end":{"line":101,"column":9}},"type":"if","locations":[{"start":{"line":85,"column":8},"end":{"line":101,"column":9}},{"start":{"line":85,"column":8},"end":{"line":101,"column":9}}],"line":85},"4":{"loc":{"start":{"line":86,"column":24},"end":{"line":86,"column":50}},"type":"binary-expr","locations":[{"start":{"line":86,"column":24},"end":{"line":86,"column":37}},{"start":{"line":86,"column":41},"end":{"line":86,"column":50}}],"line":86},"5":{"loc":{"start":{"line":87,"column":25},"end":{"line":87,"column":53}},"type":"binary-expr","locations":[{"start":{"line":87,"column":25},"end":{"line":87,"column":39}},{"start":{"line":87,"column":43},"end":{"line":87,"column":53}}],"line":87},"6":{"loc":{"start":{"line":88,"column":31},"end":{"line":88,"column":71}},"type":"binary-expr","locations":[{"start":{"line":88,"column":31},"end":{"line":88,"column":51}},{"start":{"line":88,"column":55},"end":{"line":88,"column":71}}],"line":88},"7":{"loc":{"start":{"line":123,"column":8},"end":{"line":132,"column":9}},"type":"if","locations":[{"start":{"line":123,"column":8},"end":{"line":132,"column":9}},{"start":{"line":123,"column":8},"end":{"line":132,"column":9}}],"line":123},"8":{"loc":{"start":{"line":124,"column":12},"end":{"line":127,"column":13}},"type":"if","locations":[{"start":{"line":124,"column":12},"end":{"line":127,"column":13}},{"start":{"line":124,"column":12},"end":{"line":127,"column":13}}],"line":124},"9":{"loc":{"start":{"line":124,"column":16},"end":{"line":124,"column":90}},"type":"binary-expr","locations":[{"start":{"line":124,"column":16},"end":{"line":124,"column":51}},{"start":{"line":124,"column":55},"end":{"line":124,"column":90}}],"line":124}},"s":{"0":1,"1":1,"2":0,"3":0,"4":1,"5":0,"6":0,"7":0,"8":0,"9":0,"10":1,"11":0,"12":0,"13":0,"14":1,"15":0,"16":0,"17":0,"18":0,"19":1,"20":0,"21":0,"22":0,"23":0,"24":0,"25":0,"26":0,"27":0,"28":1,"29":0,"30":0,"31":1,"32":0,"33":0,"34":0,"35":0,"36":0,"37":0,"38":0,"39":0},"f":{"0":0,"1":0,"2":0,"3":0,"4":0,"5":0,"6":0},"b":{"0":[0,0],"1":[0,0],"2":[0,0],"3":[0,0],"4":[0,0],"5":[0,0],"6":[0,0],"7":[0,0],"8":[0,0],"9":[0,0]},"_coverageSchema":"1a1c01bbd47fc00a2c39e90264f33305004495a9","hash":"b7d572e9b91fea02b0b0d8ce191798b9194a2784"}
,"C:\\Users\\Ryan James\\Desktop\\Crumple\\backend\\tests\\helpers.js": {"path":"C:\\Users\\Ryan James\\Desktop\\Crumple\\backend\\tests\\helpers.js","statementMap":{"0":{"start":{"line":4,"column":24},"end":{"line":4,"column":68}},"1":{"start":{"line":5,"column":4},"end":{"line":8,"column":5}},"2":{"start":{"line":6,"column":27},"end":{"line":6,"column":74}},"3":{"start":{"line":7,"column":8},"end":{"line":7,"column":38}},"4":{"start":{"line":12,"column":24},"end":{"line":12,"column":68}},"5":{"start":{"line":13,"column":4},"end":{"line":26,"column":5}},"6":{"start":{"line":14,"column":27},"end":{"line":14,"column":74}},"7":{"start":{"line":15,"column":8},"end":{"line":25,"column":9}},"8":{"start":{"line":16,"column":12},"end":{"line":16,"column":36}},"9":{"start":{"line":19,"column":12},"end":{"line":19,"column":57}},"10":{"start":{"line":19,"column":50},"end":{"line":19,"column":57}},"11":{"start":{"line":22,"column":12},"end":{"line":23,"column":19}},"12":{"start":{"line":23,"column":12},"end":{"line":23,"column":19}},"13":{"start":{"line":24,"column":12},"end":{"line":24,"column":39}}},"fnMap":{"0":{"name":"removeAllCollections","decl":{"start":{"line":3,"column":22},"end":{"line":3,"column":42}},"loc":{"start":{"line":3,"column":45},"end":{"line":9,"column":1}},"line":3},"1":{"name":"dropAllCollections","decl":{"start":{"line":11,"column":22},"end":{"line":11,"column":40}},"loc":{"start":{"line":11,"column":43},"end":{"line":27,"column":1}},"line":11}},"branchMap":{"0":{"loc":{"start":{"line":19,"column":12},"end":{"line":19,"column":57}},"type":"if","locations":[{"start":{"line":19,"column":12},"end":{"line":19,"column":57}},{"start":{"line":19,"column":12},"end":{"line":19,"column":57}}],"line":19},"1":{"loc":{"start":{"line":22,"column":12},"end":{"line":23,"column":19}},"type":"if","locations":[{"start":{"line":22,"column":12},"end":{"line":23,"column":19}},{"start":{"line":22,"column":12},"end":{"line":23,"column":19}}],"line":22}},"s":{"0":6,"1":6,"2":18,"3":18,"4":0,"5":0,"6":0,"7":0,"8":0,"9":0,"10":0,"11":0,"12":0,"13":0},"f":{"0":6,"1":0},"b":{"0":[0,0],"1":[0,0]},"_coverageSchema":"1a1c01bbd47fc00a2c39e90264f33305004495a9","hash":"c65b9860e2ef0da7587661f1396af79644731caa"}
,"C:\\Users\\Ryan James\\Desktop\\Crumple\\backend\\util\\seed.js": {"path":"C:\\Users\\Ryan James\\Desktop\\Crumple\\backend\\util\\seed.js","statementMap":{"0":{"start":{"line":3,"column":13},"end":{"line":198,"column":1}}},"fnMap":{},"branchMap":{},"s":{"0":1},"f":{},"b":{},"_coverageSchema":"1a1c01bbd47fc00a2c39e90264f33305004495a9","hash":"b92aa59eb949567f7360e1b9bf67c05d06c937ed"}
,"C:\\Users\\Ryan James\\Desktop\\Crumple\\backend\\util\\util.js": {"path":"C:\\Users\\Ryan James\\Desktop\\Crumple\\backend\\util\\util.js","statementMap":{"0":{"start":{"line":3,"column":29},"end":{"line":17,"column":1}},"1":{"start":{"line":4,"column":4},"end":{"line":16,"column":6}},"2":{"start":{"line":19,"column":22},"end":{"line":39,"column":1}},"3":{"start":{"line":20,"column":26},"end":{"line":20,"column":51}},"4":{"start":{"line":21,"column":4},"end":{"line":38,"column":5}},"5":{"start":{"line":23,"column":22},"end":{"line":23,"column":61}},"6":{"start":{"line":24,"column":8},"end":{"line":35,"column":6}},"7":{"start":{"line":28,"column":16},"end":{"line":33,"column":13}},"8":{"start":{"line":29,"column":20},"end":{"line":29,"column":71}},"9":{"start":{"line":31,"column":20},"end":{"line":31,"column":38}},"10":{"start":{"line":32,"column":16},"end":{"line":32,"column":23}},"11":{"start":{"line":37,"column":8},"end":{"line":37,"column":54}},"12":{"start":{"line":41,"column":23},"end":{"line":47,"column":1}},"13":{"start":{"line":42,"column":4},"end":{"line":46,"column":5}},"14":{"start":{"line":43,"column":8},"end":{"line":43,"column":15}},"15":{"start":{"line":45,"column":8},"end":{"line":45,"column":65}}},"fnMap":{"0":{"name":"(anonymous_0)","decl":{"start":{"line":3,"column":29},"end":{"line":3,"column":30}},"loc":{"start":{"line":3,"column":39},"end":{"line":17,"column":1}},"line":3},"1":{"name":"(anonymous_1)","decl":{"start":{"line":19,"column":22},"end":{"line":19,"column":23}},"loc":{"start":{"line":19,"column":42},"end":{"line":39,"column":1}},"line":19},"2":{"name":"(anonymous_2)","decl":{"start":{"line":27,"column":12},"end":{"line":27,"column":13}},"loc":{"start":{"line":27,"column":29},"end":{"line":34,"column":9}},"line":27},"3":{"name":"(anonymous_3)","decl":{"start":{"line":41,"column":23},"end":{"line":41,"column":24}},"loc":{"start":{"line":41,"column":43},"end":{"line":47,"column":1}},"line":41}},"branchMap":{"0":{"loc":{"start":{"line":12,"column":8},"end":{"line":12,"column":51}},"type":"binary-expr","locations":[{"start":{"line":12,"column":8},"end":{"line":12,"column":30}},{"start":{"line":12,"column":34},"end":{"line":12,"column":51}}],"line":12},"1":{"loc":{"start":{"line":21,"column":4},"end":{"line":38,"column":5}},"type":"if","locations":[{"start":{"line":21,"column":4},"end":{"line":38,"column":5}},{"start":{"line":21,"column":4},"end":{"line":38,"column":5}}],"line":21},"2":{"loc":{"start":{"line":26,"column":12},"end":{"line":26,"column":55}},"type":"binary-expr","locations":[{"start":{"line":26,"column":12},"end":{"line":26,"column":34}},{"start":{"line":26,"column":38},"end":{"line":26,"column":55}}],"line":26},"3":{"loc":{"start":{"line":28,"column":16},"end":{"line":33,"column":13}},"type":"if","locations":[{"start":{"line":28,"column":16},"end":{"line":33,"column":13}},{"start":{"line":28,"column":16},"end":{"line":33,"column":13}}],"line":28},"4":{"loc":{"start":{"line":42,"column":4},"end":{"line":46,"column":5}},"type":"if","locations":[{"start":{"line":42,"column":4},"end":{"line":46,"column":5}},{"start":{"line":42,"column":4},"end":{"line":46,"column":5}}],"line":42},"5":{"loc":{"start":{"line":42,"column":8},"end":{"line":42,"column":36}},"type":"binary-expr","locations":[{"start":{"line":42,"column":8},"end":{"line":42,"column":16}},{"start":{"line":42,"column":20},"end":{"line":42,"column":36}}],"line":42}},"s":{"0":1,"1":2,"2":1,"3":0,"4":0,"5":0,"6":0,"7":0,"8":0,"9":0,"10":0,"11":0,"12":1,"13":0,"14":0,"15":0},"f":{"0":2,"1":0,"2":0,"3":0},"b":{"0":[2,2],"1":[0,0],"2":[0,0],"3":[0,0],"4":[0,0],"5":[0,0]},"_coverageSchema":"1a1c01bbd47fc00a2c39e90264f33305004495a9","hash":"995f32a23ae82c0183de9c0c835cb9afa6e6d8c2"}
}
