TN:
SF:config.js
FN:1,nodeEnv
FNF:1
FNH:1
FNDA:1,nodeEnv
DA:2,1
DA:3,1
DA:5,0
DA:6,0
DA:9,0
DA:11,0
DA:14,1
LF:7
LH:3
BRDA:2,0,0,1
BRDA:2,0,1,0
BRDA:5,1,0,0
BRDA:5,1,1,0
BRF:4
BRH:1
end_of_record
TN:
SF:server.js
FN:27,(anonymous_0)
FN:35,(anonymous_1)
FNF:2
FNH:1
FNDA:1,(anonymous_0)
FNDA:0,(anonymous_1)
DA:10,1
DA:12,1
DA:14,1
DA:16,1
DA:17,1
DA:19,1
DA:25,1
DA:27,1
DA:28,1
DA:31,1
DA:32,1
DA:33,1
DA:35,1
DA:36,0
LF:14
LH:13
BRDA:19,0,0,1
BRDA:19,0,1,1
BRDA:25,1,0,1
BRDA:25,1,1,1
BRF:4
BRH:4
end_of_record
TN:
SF:models\artworkModel.js
FNF:0
FNH:0
DA:3,1
DA:16,1
LF:2
LH:2
BRF:0
BRH:0
end_of_record
TN:
SF:models\categoryModel.js
FNF:0
FNH:0
DA:3,1
DA:15,1
LF:2
LH:2
BRF:0
BRH:0
end_of_record
TN:
SF:models\userModel.js
FNF:0
FNH:0
DA:3,1
DA:16,1
LF:2
LH:2
BRF:0
BRH:0
end_of_record
TN:
SF:routes\artworkRoutes.js
FN:14,(anonymous_0)
FN:17,(anonymous_1)
FN:33,(anonymous_2)
FNF:3
FNH:0
FNDA:0,(anonymous_0)
FNDA:0,(anonymous_1)
FNDA:0,(anonymous_2)
DA:10,1
DA:12,1
DA:15,0
DA:16,0
DA:17,0
DA:21,0
DA:22,0
DA:24,0
DA:31,1
DA:34,0
DA:38,0
DA:39,0
DA:41,0
LF:13
LH:3
BRDA:16,0,0,0
BRDA:16,0,1,0
BRDA:38,1,0,0
BRDA:38,1,1,0
BRF:4
BRH:0
end_of_record
TN:
SF:routes\categoryRoutes.js
FN:11,(anonymous_0)
FN:20,(anonymous_1)
FNF:2
FNH:0
FNDA:0,(anonymous_0)
FNDA:0,(anonymous_1)
DA:6,1
DA:9,1
DA:12,0
DA:13,0
DA:18,1
DA:21,0
DA:22,0
LF:7
LH:3
BRF:0
BRH:0
end_of_record
TN:
SF:routes\userRouter.js
FN:13,(anonymous_0)
FN:22,(anonymous_1)
FN:43,(anonymous_2)
FN:62,(anonymous_3)
FN:83,(anonymous_4)
FN:110,(anonymous_5)
FN:121,(anonymous_6)
FNF:7
FNH:0
FNDA:0,(anonymous_0)
FNDA:0,(anonymous_1)
FNDA:0,(anonymous_2)
FNDA:0,(anonymous_3)
FNDA:0,(anonymous_4)
FNDA:0,(anonymous_5)
FNDA:0,(anonymous_6)
DA:8,1
DA:11,1
DA:14,0
DA:15,0
DA:20,1
DA:23,0
DA:24,0
DA:25,0
DA:26,0
DA:36,0
DA:41,1
DA:44,0
DA:48,0
DA:49,0
DA:60,1
DA:63,0
DA:64,0
DA:65,0
DA:74,0
DA:80,1
DA:84,0
DA:85,0
DA:86,0
DA:87,0
DA:88,0
DA:90,0
DA:91,0
DA:100,0
DA:106,1
DA:111,0
DA:112,0
DA:117,1
DA:122,0
DA:123,0
DA:124,0
DA:125,0
DA:126,0
DA:128,0
DA:129,0
DA:131,0
LF:40
LH:8
BRDA:24,0,0,0
BRDA:24,0,1,0
BRDA:25,1,0,0
BRDA:25,1,1,0
BRDA:64,2,0,0
BRDA:64,2,1,0
BRDA:85,3,0,0
BRDA:85,3,1,0
BRDA:86,4,0,0
BRDA:86,4,1,0
BRDA:87,5,0,0
BRDA:87,5,1,0
BRDA:88,6,0,0
BRDA:88,6,1,0
BRDA:123,7,0,0
BRDA:123,7,1,0
BRDA:124,8,0,0
BRDA:124,8,1,0
BRDA:124,9,0,0
BRDA:124,9,1,0
BRF:20
BRH:0
end_of_record
TN:
SF:util\seed.js
FNF:0
FNH:0
DA:3,1
LF:1
LH:1
BRF:0
BRH:0
end_of_record
TN:
SF:util\util.js
FN:3,(anonymous_0)
FN:19,(anonymous_1)
FN:27,(anonymous_2)
FN:41,(anonymous_3)
FNF:4
FNH:1
FNDA:2,(anonymous_0)
FNDA:0,(anonymous_1)
FNDA:0,(anonymous_2)
FNDA:0,(anonymous_3)
DA:3,1
DA:4,2
DA:19,1
DA:20,0
DA:21,0
DA:23,0
DA:24,0
DA:28,0
DA:29,0
DA:31,0
DA:32,0
DA:37,0
DA:41,1
DA:42,0
DA:43,0
DA:45,0
LF:16
LH:4
BRDA:12,0,0,2
BRDA:12,0,1,2
BRDA:21,1,0,0
BRDA:21,1,1,0
BRDA:26,2,0,0
BRDA:26,2,1,0
BRDA:28,3,0,0
BRDA:28,3,1,0
BRDA:42,4,0,0
BRDA:42,4,1,0
BRDA:42,5,0,0
BRDA:42,5,1,0
BRF:12
BRH:2
end_of_record
